Ham::Fldigi::Client Calling
Ham::Fldigi::Client new() called. Version 0.001, with ID 01D2339E-50EF-11E1-9D3B-9F0EA6740AF3.
Ham::Fldigi::Client new() called. Version 0.001, with ID 143BA312-50EF-11E1-B7DC-C0B1C3080637.
Ham::Fldigi::Client Hostname is localhost, port is 7362 and name is test.
Ham::Fldigi::Client new(): Constructor called. Version 0.001, with ID 48015110-50EF-11E1-B4DF-AFF04A62E134.
Ham::Fldigi::Client new(): Hostname is localhost, port is 7362 and name is test.
Ham::Fldigi::Client new(): Returning...
Ham::Fldigi::Client new(): Constructor called. Version 0.001, with ID 69F4F8B2-50EF-11E1-93FE-C98CA186A30C.
Ham::Fldigi::Client new(): Constructor called. Version 0.001, with ID 6FE0D76E-50EF-11E1-ADF6-B7DB423016D8.
Ham::Fldigi::Client new(): Hostname is localhost, port is 7362 and name is test.
Ham::Fldigi::Client new(): Returning...
Ham::Fldigi::Client new(): Constructor called. Version 0.001, with ID C64855D2-50EF-11E1-983C-DB18D7BC7B18.
Ham::Fldigi::Client new(): Hostname is localhost, port is 7362 and name is test.
Ham::Fldigi::Client new(): Returning...
Ham::Fldigi::Client new(): Constructor called. Version 0.001, with ID CF6AA2C8-50EF-11E1-8D4F-8AD963C1C8A8.
Ham::Fldigi::Client new(): Hostname is localhost, port is 7362 and name is test.
Ham::Fldigi::Client new(): Returning...
Ham::Fldigi::Client new(): Constructor called. Version 0.001, with ID F1EF5EB0-50EF-11E1-916A-CBD71ABF07E1.
Ham::Fldigi::Client new(): Hostname is localhost, port is 7362 and name is test.
Ham::Fldigi::Client new(): Returning...
Ham::Fldigi::Client Constructor called. Version 0.001, with ID F955E8D6-50EF-11E1-A2D1-9E6D898E708D.
Ham::Fldigi::Client Hostname is localhost, port is 7362 and name is test.
Ham::Fldigi::Client Returning...
Ham::Fldigi::Client Constructor called. Version 0.001, with ID 2A88BAE6-50F0-11E1-9C90-EE67AAADBA81.
Ham::Fldigi::Client Hostname is localhost, port is 7362 and name is test.
Ham::Fldigi::Client Returning...
Ham::Fldigi::Client Calling with tune...
Ham::Fldigi::Client Constructor called. Version 0.001, with ID 44A3D258-50F0-11E1-8CDB-D46418A497D2.
Ham::Fldigi::Client Hostname is localhost, port is 7362 and name is test.
Ham::Fldigi::Client Returning...
Ham::Fldigi::Client Calling with tune...
Ham::Fldigi::Client Constructor called. Version 0.001, with ID AD56B1BC-50F0-11E1-867A-F35970B1D92B.
Ham::Fldigi::Client Hostname is localhost, port is 7362 and name is test.
Ham::Fldigi::Client Returning...
Ham::Fldigi::Client Making XMLRPC call 'tune' (args: ) to http://localhost:7362/RPC2...
Ham::Fldigi::Client Constructor called. Version 0.001, with ID B90F77A0-50F0-11E1-A082-A3A2CACB67F0.
Ham::Fldigi::Client Hostname is localhost, port is 7362 and name is test.
Ham::Fldigi::Client Returning...
Ham::Fldigi::Client Making XMLRPC call 'main.tune' (args: ) to http://localhost:7362/RPC2...
Ham::Fldigi::Client Constructor called. Version 0.001, with ID F4BE2274-50F0-11E1-B449-C91A9390EA48.
Ham::Fldigi::Client Hostname is localhost, port is 7362 and name is test.
Ham::Fldigi::Client Checking connectivity with fldigi client at http://localhost:7362/RPC2...
Ham::Fldigi::Client Making XMLRPC call 'fldigi.version' (args: ) to http://localhost:7362/RPC2...
Ham::Fldigi::Client Returning...
Ham::Fldigi::Client Making XMLRPC call 'main.tune' (args: ) to http://localhost:7362/RPC2...
Ham::Fldigi::Client Constructor called. Version 0.001, with ID FB19E68A-50F0-11E1-A62A-EA8483CDE408.
Ham::Fldigi::Client Hostname is localhost, port is 7362 and name is test.
Ham::Fldigi::Client Checking connectivity with fldigi client at http://localhost:7362/RPC2...
Ham::Fldigi::Client Making XMLRPC call 'fldigi.version' (args: ) to http://localhost:7362/RPC2...
Ham::Fldigi::Client Returning...
Ham::Fldigi::Client Making XMLRPC call 'main.version' (args: ) to http://localhost:7362/RPC2...
Ham::Fldigi::Client Constructor called. Version 0.001, with ID 0E0CEAE4-50F1-11E1-B873-AA86C35035C4.
Ham::Fldigi::Client Hostname is localhost, port is 7362 and name is test.
Ham::Fldigi::Client Checking connectivity with fldigi client at http://localhost:7362/RPC2...
Ham::Fldigi::Client Making XMLRPC call 'fldigi.version' (args: ) to http://localhost:7362/RPC2...
Ham::Fldigi::Client Returning...
Ham::Fldigi::Client Making XMLRPC call 'main.version' (args: ) to http://localhost:7362/RPC2...
Ham::Fldigi::Client Constructor called. Version 0.001, with ID 93673780-50F1-11E1-B443-A49C01976898.
Ham::Fldigi::Client Hostname is localhost, port is 7362 and name is test.
Ham::Fldigi::Client Checking connectivity with fldigi client at http://localhost:7362/RPC2...
Ham::Fldigi::Client Making XMLRPC call 'fldigi.version' (args: ) to http://localhost:7362/RPC2...
Ham::Fldigi::Client Returning...
Ham::Fldigi::Client Making XMLRPC call 'main.version' (args: ) to http://localhost:7362/RPC2...
Ham::Fldigi::Client Constructor called. Version 0.001, with ID A46838C2-50F1-11E1-ABE7-CDDEE31DE912.
Ham::Fldigi::Client Hostname is localhost, port is 7362 and name is test.
Ham::Fldigi::Client Checking connectivity with fldigi client at http://localhost:7362/RPC2...
Ham::Fldigi::Client Making XMLRPC call 'fldigi.version' (args: ) to http://localhost:7362/RPC2...
Ham::Fldigi::Client Returning...
Ham::Fldigi::Client Making XMLRPC call 'main.version' (args: ) to http://localhost:7362/RPC2...
Ham::Fldigi::Client Constructor called. Version 0.001, with ID D5659212-50F1-11E1-85B1-85053DD06169.
Ham::Fldigi::Client Hostname is localhost, port is 7362 and name is test.
Ham::Fldigi::Client Checking connectivity with fldigi client at http://localhost:7362/RPC2...
Ham::Fldigi::Client Making XMLRPC call 'fldigi.version' (args: ) to http://localhost:7362/RPC2...
Ham::Fldigi::Client Constructor called. Version 0.001, with ID DF0F83A4-50F1-11E1-91C9-986012463D98.
Ham::Fldigi::Client Hostname is localhost, port is 7362 and name is test.
Ham::Fldigi::Client Checking connectivity with fldigi client at http://localhost:7362/RPC2...
Ham::Fldigi::Client Making XMLRPC call 'fldigi.version' (args: ) to http://localhost:7362/RPC2...
Ham::Fldigi::Client Version is 3.21.13.
Ham::Fldigi::Client Returning...
Ham::Fldigi::Client Making XMLRPC call 'main.version' (args: ) to http://localhost:7362/RPC2...
Ham::Fldigi::Client Constructor called. Version 0.001, with ID 975DAABC-50F2-11E1-8EA1-D577E0F81BC7.
Ham::Fldigi::Client Hostname is localhost, port is 7362 and name is test.
Ham::Fldigi::Client Checking connectivity with fldigi client at http://localhost:7362/RPC2...
Ham::Fldigi::Client Making XMLRPC call 'fldigi.version' (args: ) to http://localhost:7362/RPC2...
Ham::Fldigi::Client Version is 3.21.13.
Ham::Fldigi::Client Returning...
Ham::Fldigi::Client Making XMLRPC call 'main.version' (args: ) to http://localhost:7362/RPC2...
Ham::Fldigi::Client Constructor called. Version 0.001, with ID 9B5ABEF2-50F2-11E1-A03F-E1B44A80076D.
Ham::Fldigi::Client Hostname is localhost, port is 7363 and name is test.
Ham::Fldigi::Client Checking connectivity with fldigi client at http://localhost:7363/RPC2...
Ham::Fldigi::Client Making XMLRPC call 'fldigi.version' (args: ) to http://localhost:7363/RPC2...
Ham::Fldigi::Client Error talking to http://localhost:7363/RPC2! RPC::XML::Client reports: RPC::XML::Client::simple_request: RPC::XML::Client::send_request: HTTP server error: Can't connect to localhost:7363 (Connection refused)
Ham::Fldigi::Client Constructor called. Version 0.001, with ID A2F9F5F6-50F2-11E1-B51F-88361C48A948.
Ham::Fldigi::Client Hostname is localhost, port is 7363 and name is test.
Ham::Fldigi::Client Checking connectivity with fldigi client at http://localhost:7363/RPC2...
Ham::Fldigi::Client Making XMLRPC call 'fldigi.version' (args: ) to http://localhost:7363/RPC2...
Ham::Fldigi::Client Error talking to http://localhost:7363/RPC2! RPC::XML::Client reports: RPC::XML::Client::simple_request: RPC::XML::Client::send_request: HTTP server error: Can't connect to localhost:7363 (Connection refused)
Ham::Fldigi::Client Constructor called. Version 0.001, with ID B2D07D7E-50F2-11E1-B4DA-A9DB0C6100B1.
Ham::Fldigi::Client Hostname is localhost, port is 7363 and name is test.
Ham::Fldigi::Client Checking connectivity with fldigi client at http://localhost:7363/RPC2...
Ham::Fldigi::Client Making XMLRPC call 'fldigi.version' (args: ) to http://localhost:7363/RPC2...
Ham::Fldigi::Client Error talking to http://localhost:7363/RPC2!
Ham::Fldigi::Client RPC::XML::Client reports: RPC::XML::Client::simple_request: RPC::XML::Client::send_request: HTTP server error: Can't connect to localhost:7363 (Connection refused)
Ham::Fldigi::Client Constructor called. Version 0.001, with ID BA9F3572-50F2-11E1-8888-879B4B080300.
Ham::Fldigi::Client Hostname is localhost, port is 7362 and name is test.
Ham::Fldigi::Client Checking connectivity with fldigi client at http://localhost:7362/RPC2...
Ham::Fldigi::Client Making XMLRPC call 'fldigi.version' (args: ) to http://localhost:7362/RPC2...
Ham::Fldigi::Client Version is 3.21.13.
Ham::Fldigi::Client Returning...
Ham::Fldigi::Client Making XMLRPC call 'main.version' (args: ) to http://localhost:7362/RPC2...
Ham::Fldigi::Client Constructor called. Version 0.001, with ID 5216A160-50F3-11E1-ADFB-BD7BA9B26D26.
Ham::Fldigi::Client Hostname is localhost, port is 7362 and name is test.
Ham::Fldigi::Client Checking connectivity with fldigi client at http://localhost:7362/RPC2...
Ham::Fldigi::Client Making XMLRPC call 'fldigi.version' (args: ) to http://localhost:7362/RPC2...
Ham::Fldigi::Client Version is 3.21.13.
Ham::Fldigi::Client Returning...
Ham::Fldigi::Client Making XMLRPC call 'text.clear_tx' (args: ) to http://localhost:7362/RPC2...
Ham::Fldigi::Client Error talking to http://localhost:7362/RPC2!
Ham::Fldigi::Client RPC::XML::Client reports: 
Ham::Fldigi::Client Making XMLRPC call 'text.add_tx' (args: CQ CQ CQ DE M0VKG M0VKG M0VKG KN) to http://localhost:7362/RPC2...
Ham::Fldigi::Client Error talking to http://localhost:7362/RPC2!
Ham::Fldigi::Client RPC::XML::Client reports: 
Ham::Fldigi::Client Making XMLRPC call 'main.tx' (args: ) to http://localhost:7362/RPC2...
Ham::Fldigi::Client Error talking to http://localhost:7362/RPC2!
Ham::Fldigi::Client RPC::XML::Client reports: 
Ham::Fldigi::Client Constructor called. Version 0.001, with ID 9464125A-50F3-11E1-8CFC-FEE81447FA62.
Ham::Fldigi::Client Hostname is localhost, port is 7362 and name is test.
Ham::Fldigi::Client Checking connectivity with fldigi client at http://localhost:7362/RPC2...
Ham::Fldigi::Client Making XMLRPC call 'fldigi.version' (args: ) to http://localhost:7362/RPC2...
Ham::Fldigi::Client Error talking to http://localhost:7362/RPC2!
Ham::Fldigi::Client RPC::XML::Client reports: 
Ham::Fldigi::Client Version is 3.21.13.
Ham::Fldigi::Client Returning...
Ham::Fldigi::Client Making XMLRPC call 'text.clear_tx' (args: ) to http://localhost:7362/RPC2...
Ham::Fldigi::Client Error talking to http://localhost:7362/RPC2!
Ham::Fldigi::Client RPC::XML::Client reports: 
Ham::Fldigi::Client Making XMLRPC call 'text.add_tx' (args: CQ CQ CQ DE M0VKG M0VKG M0VKG KN) to http://localhost:7362/RPC2...
Ham::Fldigi::Client Error talking to http://localhost:7362/RPC2!
Ham::Fldigi::Client RPC::XML::Client reports: 
Ham::Fldigi::Client Making XMLRPC call 'main.tx' (args: ) to http://localhost:7362/RPC2...
Ham::Fldigi::Client Error talking to http://localhost:7362/RPC2!
Ham::Fldigi::Client RPC::XML::Client reports: 
Ham::Fldigi::Client Making XMLRPC call 'main.rx' (args: ) to http://localhost:7362/RPC2...
Ham::Fldigi::Client Error talking to http://localhost:7362/RPC2!
Ham::Fldigi::Client RPC::XML::Client reports: 
Ham::Fldigi::Client Constructor called. Version 0.001, with ID A3799D28-50F3-11E1-AA56-E1845CEA3EC7.
Ham::Fldigi::Client Hostname is localhost, port is 7362 and name is test.
Ham::Fldigi::Client Checking connectivity with fldigi client at http://localhost:7362/RPC2...
Ham::Fldigi::Client Making XMLRPC call 'fldigi.version' (args: ) to http://localhost:7362/RPC2...
Ham::Fldigi::Client Version is 3.21.13.
Ham::Fldigi::Client Returning...
Ham::Fldigi::Client Making XMLRPC call 'text.clear_tx' (args: ) to http://localhost:7362/RPC2...
Ham::Fldigi::Client Making XMLRPC call 'text.add_tx' (args: CQ CQ CQ DE M0VKG M0VKG M0VKG KN) to http://localhost:7362/RPC2...
Ham::Fldigi::Client Making XMLRPC call 'main.tx' (args: ) to http://localhost:7362/RPC2...
Ham::Fldigi::Client Making XMLRPC call 'main.rx' (args: ) to http://localhost:7362/RPC2...
Ham::Fldigi::Client Constructor called. Version 0.001, with ID A7C9A9FE-50F3-11E1-A727-86BE89FF6B56.
Ham::Fldigi::Client Hostname is localhost, port is 7362 and name is test.
Ham::Fldigi::Client Checking connectivity with fldigi client at http://localhost:7362/RPC2...
Ham::Fldigi::Client Making XMLRPC call 'fldigi.version' (args: ) to http://localhost:7362/RPC2...
Ham::Fldigi::Client Version is 3.21.13.
Ham::Fldigi::Client Returning...
Ham::Fldigi::Client Making XMLRPC call 'text.clear_tx' (args: ) to http://localhost:7362/RPC2...
Ham::Fldigi::Client Making XMLRPC call 'text.add_tx' (args: CQ CQ CQ DE M0VKG M0VKG M0VKG KN) to http://localhost:7362/RPC2...
Ham::Fldigi::Client Making XMLRPC call 'main.tx' (args: ) to http://localhost:7362/RPC2...
Ham::Fldigi::Client Making XMLRPC call 'main.rx' (args: ) to http://localhost:7362/RPC2...
Ham::Fldigi::Client Constructor called. Version 0.001, with ID A24750E8-50F4-11E1-AA02-A184A1F9F331.
Ham::Fldigi::Client Hostname is localhost, port is 7362 and name is test.
Ham::Fldigi::Client Checking connectivity with fldigi client at http://localhost:7362/RPC2...
Ham::Fldigi::Client Making XMLRPC call 'fldigi.version' (args: ) to http://localhost:7362/RPC2...
Ham::Fldigi::Client Version is 3.21.13.
Ham::Fldigi::Client Returning...
Ham::Fldigi::Client Making XMLRPC call 'text.clear_tx' (args: ) to http://localhost:7362/RPC2...
Ham::Fldigi::Client Making XMLRPC call 'text.add_tx' (args: CQ CQ CQ DE M0VKG M0VKG M0VKG KN^r) to http://localhost:7362/RPC2...
Ham::Fldigi::Client Making XMLRPC call 'main.tx' (args: ) to http://localhost:7362/RPC2...
Ham::Fldigi::Client Making XMLRPC call 'main.rx' (args: ) to http://localhost:7362/RPC2...
Ham::Fldigi::Client Constructor called. Version 0.001, with ID A69F22CE-50F4-11E1-91E1-C10384375254.
Ham::Fldigi::Client Hostname is localhost, port is 7362 and name is test.
Ham::Fldigi::Client Checking connectivity with fldigi client at http://localhost:7362/RPC2...
Ham::Fldigi::Client Making XMLRPC call 'fldigi.version' (args: ) to http://localhost:7362/RPC2...
Ham::Fldigi::Client Version is 3.21.13.
Ham::Fldigi::Client Returning...
Ham::Fldigi::Client Making XMLRPC call 'text.clear_tx' (args: ) to http://localhost:7362/RPC2...
Ham::Fldigi::Client Making XMLRPC call 'text.add_tx' (args: CQ CQ CQ DE M0VKG M0VKG M0VKG KN^r) to http://localhost:7362/RPC2...
Ham::Fldigi::Client Making XMLRPC call 'main.tx' (args: ) to http://localhost:7362/RPC2...
Ham::Fldigi::Client Constructor called. Version 0.001, with ID 36A4AA24-50F5-11E1-965F-C2924A2B874B.
Ham::Fldigi::Client Hostname is localhost, port is 7362 and name is test.
Ham::Fldigi::Client Checking connectivity with fldigi client at http://localhost:7362/RPC2...
Ham::Fldigi::Client Making XMLRPC call 'fldigi.version' (args: ) to http://localhost:7362/RPC2...
Ham::Fldigi::Client Response from XMLRPC request is: 3.21.13
Ham::Fldigi::Client Version is 3.21.13.
Ham::Fldigi::Client Returning...
Ham::Fldigi::Client Making XMLRPC call 'text.clear_tx' (args: ) to http://localhost:7362/RPC2...
Ham::Fldigi::Client Response from XMLRPC request is: 
Ham::Fldigi::Client Making XMLRPC call 'text.add_tx' (args: CQ CQ CQ DE M0VKG M0VKG M0VKG KN^r) to http://localhost:7362/RPC2...
Ham::Fldigi::Client Response from XMLRPC request is: 
Ham::Fldigi::Client Making XMLRPC call 'main.tx' (args: ) to http://localhost:7362/RPC2...
Ham::Fldigi::Client Response from XMLRPC request is: 
Ham::Fldigi::Client Constructor called. Version 0.001, with ID 43FF14FC-50F5-11E1-A667-A0E206E26210.
Ham::Fldigi::Client Hostname is localhost, port is 7362 and name is test.
Ham::Fldigi::Client Checking connectivity with fldigi client at http://localhost:7362/RPC2...
Ham::Fldigi::Client Making XMLRPC call 'fldigi.version' (args: ) to http://localhost:7362/RPC2...
Ham::Fldigi::Client Response from XMLRPC request is: 3.21.13
Ham::Fldigi::Client Version is 3.21.13.
Ham::Fldigi::Client Returning...
Ham::Fldigi::Client Making XMLRPC call 'text.clear_tx' (args: ) to http://localhost:7362/RPC2...
Ham::Fldigi::Client Response from XMLRPC request is: 
Ham::Fldigi::Client Making XMLRPC call 'text.add_tx' (args: CQ CQ CQ DE M0VKG M0VKG M0VKG KN^r) to http://localhost:7362/RPC2...
Ham::Fldigi::Client Response from XMLRPC request is: 
Ham::Fldigi::Client Making XMLRPC call 'main.tx' (args: ) to http://localhost:7362/RPC2...
Ham::Fldigi::Client Response from XMLRPC request is: 
Ham::Fldigi::Client Constructor called. Version 0.001, with ID 67BD1380-50F5-11E1-9658-9A9E5AA3C69A.
Ham::Fldigi::Client Hostname is localhost, port is 7362 and name is test.
Ham::Fldigi::Client Checking connectivity with fldigi client at http://localhost:7362/RPC2...
Ham::Fldigi::Client Making XMLRPC call 'fldigi.version' (args: ) to http://localhost:7362/RPC2...
Ham::Fldigi::Client Response from XMLRPC request is: 3.21.13
Ham::Fldigi::Client Version is 3.21.13.
Ham::Fldigi::Client Returning...
Ham::Fldigi::Client Making XMLRPC call 'text.clear_tx' (args: ) to http://localhost:7362/RPC2...
Ham::Fldigi::Client Response from XMLRPC request is: (null)
Ham::Fldigi::Client Making XMLRPC call 'text.add_tx' (args: CQ CQ CQ DE M0VKG M0VKG M0VKG KN^r) to http://localhost:7362/RPC2...
Ham::Fldigi::Client Response from XMLRPC request is: (null)
Ham::Fldigi::Client Making XMLRPC call 'main.tx' (args: ) to http://localhost:7362/RPC2...
Ham::Fldigi::Client Response from XMLRPC request is: (null)
Ham::Fldigi::Client Constructor called. Version 0.001, with ID F227E8D8-50F5-11E1-81ED-DDDF2CD40524.
Ham::Fldigi::Client Hostname is localhost, port is 7362 and name is test.
Ham::Fldigi::Client Checking connectivity with fldigi client at http://localhost:7362/RPC2...
Ham::Fldigi::Client Making XMLRPC call 'fldigi.version' (args: ) to http://localhost:7362/RPC2...
Ham::Fldigi::Client Response from XMLRPC request is: 3.21.13
Ham::Fldigi::Client Version is 3.21.13.
Ham::Fldigi::Client Returning...
Ham::Fldigi::Client Making XMLRPC call 'text.clear_tx' (args: ) to http://localhost:7362/RPC2...
Ham::Fldigi::Client Response from XMLRPC request is: (null)
Ham::Fldigi::Client Making XMLRPC call 'text.add_tx' (args: CQ CQ CQ DE M0VKG M0VKG M0VKG KN^r) to http://localhost:7362/RPC2...
Ham::Fldigi::Client Response from XMLRPC request is: (null)
Ham::Fldigi::Client Making XMLRPC call 'main.tx' (args: ) to http://localhost:7362/RPC2...
Ham::Fldigi::Client Response from XMLRPC request is: (null)
Ham::Fldigi::Client Constructor called. Version 0.001, with ID 083801B2-50F6-11E1-AD44-D8A87A0C9706.
Ham::Fldigi::Client Hostname is localhost, port is 7362 and name is test.
Ham::Fldigi::Client Checking connectivity with fldigi client at http://localhost:7362/RPC2...
Ham::Fldigi::Client Making XMLRPC call 'fldigi.version' (args: ) to http://localhost:7362/RPC2...
Ham::Fldigi::Client Response from XMLRPC request is: 3.21.13
Ham::Fldigi::Client Version is 3.21.13.
Ham::Fldigi::Client Returning...
Ham::Fldigi::Client Making XMLRPC call 'modem.set_by_name' (args: CW) to http://localhost:7362/RPC2...
Ham::Fldigi::Client Response from XMLRPC request is: BPSK31
Ham::Fldigi::Client Making XMLRPC call 'text.clear_tx' (args: ) to http://localhost:7362/RPC2...
Ham::Fldigi::Client Response from XMLRPC request is: (null)
Ham::Fldigi::Client Making XMLRPC call 'text.add_tx' (args: CQ CQ CQ DE M0VKG M0VKG M0VKG KN^r) to http://localhost:7362/RPC2...
Ham::Fldigi::Client Response from XMLRPC request is: (null)
Ham::Fldigi::Client Making XMLRPC call 'main.tx' (args: ) to http://localhost:7362/RPC2...
Ham::Fldigi::Client Response from XMLRPC request is: (null)
Ham::Fldigi::Client Constructor called. Version 0.001, with ID 0E8F76B2-50F6-11E1-A31E-AF35B5D42E5D.
Ham::Fldigi::Client Hostname is localhost, port is 7362 and name is test.
Ham::Fldigi::Client Checking connectivity with fldigi client at http://localhost:7362/RPC2...
Ham::Fldigi::Client Making XMLRPC call 'fldigi.version' (args: ) to http://localhost:7362/RPC2...
Ham::Fldigi::Client Response from XMLRPC request is: 3.21.13
Ham::Fldigi::Client Version is 3.21.13.
Ham::Fldigi::Client Returning...
Ham::Fldigi::Client Making XMLRPC call 'modem.set_by_name' (args: BPSK125) to http://localhost:7362/RPC2...
Ham::Fldigi::Client Response from XMLRPC request is: CW
Ham::Fldigi::Client Making XMLRPC call 'text.clear_tx' (args: ) to http://localhost:7362/RPC2...
Ham::Fldigi::Client Response from XMLRPC request is: (null)
Ham::Fldigi::Client Making XMLRPC call 'text.add_tx' (args: CQ CQ CQ DE M0VKG M0VKG M0VKG KN^r) to http://localhost:7362/RPC2...
Ham::Fldigi::Client Response from XMLRPC request is: (null)
Ham::Fldigi::Client Making XMLRPC call 'main.tx' (args: ) to http://localhost:7362/RPC2...
Ham::Fldigi::Client Response from XMLRPC request is: (null)
Ham::Fldigi::Client Constructor called. Version 0.001, with ID B69EF796-50F7-11E1-A1BC-E13DC9A873A6.
Ham::Fldigi::Client Hostname is localhost, port is 7362 and name is test.
Ham::Fldigi::Client Checking connectivity with fldigi client at http://localhost:7362/RPC2...
Ham::Fldigi::Client Making XMLRPC call 'fldigi.version' (args: ) to http://localhost:7362/RPC2...
Ham::Fldigi::Client Response from XMLRPC request is: 3.21.13
Ham::Fldigi::Client Version is 3.21.13.
Ham::Fldigi::Client POE session: _start triggered.
Ham::Fldigi::Client Returning...
Ham::Fldigi::Client Making XMLRPC call 'modem.set_by_name' (args: BPSK125) to http://localhost:7362/RPC2...
Ham::Fldigi::Client Response from XMLRPC request is: BPSK125
Ham::Fldigi::Client Making XMLRPC call 'text.clear_tx' (args: ) to http://localhost:7362/RPC2...
Ham::Fldigi::Client Response from XMLRPC request is: (null)
Ham::Fldigi::Client Making XMLRPC call 'text.add_tx' (args: CQ CQ CQ DE M0VKG M0VKG M0VKG KN^r) to http://localhost:7362/RPC2...
Ham::Fldigi::Client Response from XMLRPC request is: (null)
Ham::Fldigi::Client Making XMLRPC call 'main.tx' (args: ) to http://localhost:7362/RPC2...
Ham::Fldigi::Client Response from XMLRPC request is: (null)
Ham::Fldigi::Client Constructor called. Version 0.001, with ID 3C131740-50F8-11E1-ACC9-E6CEEC39E2ED.
Ham::Fldigi::Client Hostname is localhost, port is 7362 and name is test.
Ham::Fldigi::Client Checking connectivity with fldigi client at http://localhost:7362/RPC2...
Ham::Fldigi::Client Making XMLRPC call 'fldigi.version' (args: ) to http://localhost:7362/RPC2...
Ham::Fldigi::Client Response from XMLRPC request is: 3.21.13
Ham::Fldigi::Client Version is 3.21.13.
Ham::Fldigi::Client POE session: _start triggered.
Ham::Fldigi::Client Returning...
Ham::Fldigi::Client Making XMLRPC call 'modem.set_by_name' (args: BPSK125) to http://localhost:7362/RPC2...
Ham::Fldigi::Client Response from XMLRPC request is: BPSK125
Ham::Fldigi::Client Making XMLRPC call 'text.clear_tx' (args: ) to http://localhost:7362/RPC2...
Ham::Fldigi::Client Response from XMLRPC request is: (null)
Ham::Fldigi::Client Making XMLRPC call 'text.add_tx' (args: CQ CQ CQ DE M0VKG M0VKG M0VKG KN^r) to http://localhost:7362/RPC2...
Ham::Fldigi::Client Response from XMLRPC request is: (null)
Ham::Fldigi::Client Making XMLRPC call 'main.tx' (args: ) to http://localhost:7362/RPC2...
Ham::Fldigi::Client Response from XMLRPC request is: (null)
Ham::Fldigi Constructor called. Version is 0.0001.
Ham::Fldigi::Client Constructor called. Version 0.001, with ID 69567120-50F8-11E1-A874-F26C2E8CA42D.
Ham::Fldigi::Client Hostname is localhost, port is 7362 and name is test.
Ham::Fldigi::Client Checking connectivity with fldigi client at http://localhost:7362/RPC2...
Ham::Fldigi::Client Making XMLRPC call 'fldigi.version' (args: ) to http://localhost:7362/RPC2...
Ham::Fldigi::Client Response from XMLRPC request is: 3.21.13
Ham::Fldigi::Client Version is 3.21.13.
Ham::Fldigi::Client POE session: _start triggered.
Ham::Fldigi::Client Returning...
Ham::Fldigi::Client Making XMLRPC call 'modem.set_by_name' (args: BPSK125) to http://localhost:7362/RPC2...
Ham::Fldigi::Client Response from XMLRPC request is: BPSK125
Ham::Fldigi::Client Making XMLRPC call 'text.clear_tx' (args: ) to http://localhost:7362/RPC2...
Ham::Fldigi::Client Response from XMLRPC request is: (null)
Ham::Fldigi::Client Making XMLRPC call 'text.add_tx' (args: CQ CQ CQ DE M0VKG M0VKG M0VKG KN^r) to http://localhost:7362/RPC2...
Ham::Fldigi::Client Response from XMLRPC request is: (null)
Ham::Fldigi::Client Making XMLRPC call 'main.tx' (args: ) to http://localhost:7362/RPC2...
Ham::Fldigi::Client Response from XMLRPC request is: (null)
Ham::Fldigi Constructor called. Version is 0.0001.
Ham::Fldigi::Client Constructor called. Version 0.001, with ID 8D5458B2-50F8-11E1-9905-CB46618D46A8.
Ham::Fldigi::Client Hostname is localhost, port is 7362 and name is test.
Ham::Fldigi::Client Checking connectivity with fldigi client at http://localhost:7362/RPC2...
Ham::Fldigi::Client Making XMLRPC call 'fldigi.version' (args: ) to http://localhost:7362/RPC2...
Ham::Fldigi::Client Response from XMLRPC request is: 3.21.13
Ham::Fldigi::Client Version is 3.21.13.
Ham::Fldigi::Client POE session: _start triggered.
Ham::Fldigi::Client Returning...
Ham::Fldigi::Client Making XMLRPC call 'modem.set_by_name' (args: BPSK125) to http://localhost:7362/RPC2...
Ham::Fldigi::Client Response from XMLRPC request is: BPSK125
Ham::Fldigi::Client Making XMLRPC call 'text.clear_tx' (args: ) to http://localhost:7362/RPC2...
Ham::Fldigi::Client Response from XMLRPC request is: (null)
Ham::Fldigi::Client Making XMLRPC call 'text.add_tx' (args: CQ CQ CQ DE M0VKG M0VKG M0VKG KN^r) to http://localhost:7362/RPC2...
Ham::Fldigi::Client Response from XMLRPC request is: (null)
Ham::Fldigi::Client Making XMLRPC call 'main.tx' (args: ) to http://localhost:7362/RPC2...
Ham::Fldigi::Client Response from XMLRPC request is: (null)
Ham::Fldigi Constructor called. Version is 0.0001.
Ham::Fldigi::Client Constructor called. Version 0.001, with ID EE6E7BF0-50F8-11E1-88C1-877A1C39FAE1.
Ham::Fldigi::Client Hostname is localhost, port is 7362 and name is test.
Ham::Fldigi::Client Checking connectivity with fldigi client at http://localhost:7362/RPC2...
Ham::Fldigi::Client Making XMLRPC call 'fldigi.version' (args: ) to http://localhost:7362/RPC2...
Ham::Fldigi::Client Response from XMLRPC request is: 3.21.13
Ham::Fldigi::Client Version is 3.21.13.
Ham::Fldigi::Client POE session: _start triggered.
Ham::Fldigi::Client Returning...
Ham::Fldigi::Client Making XMLRPC call 'modem.set_by_name' (args: BPSK125) to http://localhost:7362/RPC2...
Ham::Fldigi::Client Response from XMLRPC request is: BPSK125
Ham::Fldigi::Client Making XMLRPC call 'text.clear_tx' (args: ) to http://localhost:7362/RPC2...
Ham::Fldigi::Client Response from XMLRPC request is: (null)
Ham::Fldigi::Client Making XMLRPC call 'text.add_tx' (args: CQ CQ CQ DE M0VKG M0VKG M0VKG KN^r) to http://localhost:7362/RPC2...
Ham::Fldigi::Client Response from XMLRPC request is: (null)
Ham::Fldigi::Client Making XMLRPC call 'main.tx' (args: ) to http://localhost:7362/RPC2...
Ham::Fldigi::Client Response from XMLRPC request is: (null)
Ham::Fldigi Constructor called. Version is 0.0001.
Ham::Fldigi::Client Constructor called. Version 0.001, with ID 05B4E574-50F9-11E1-A6E6-A68CE1E4E7CA.
Ham::Fldigi::Client Hostname is localhost, port is 7362 and name is test.
Ham::Fldigi::Client Checking connectivity with fldigi client at http://localhost:7362/RPC2...
Ham::Fldigi::Client Making XMLRPC call 'fldigi.version' (args: ) to http://localhost:7362/RPC2...
Ham::Fldigi::Client Response from XMLRPC request is: 3.21.13
Ham::Fldigi::Client Version is 3.21.13.
Ham::Fldigi::Client POE session: _start triggered.
Ham::Fldigi::Client Returning...
Ham::Fldigi::Client Making XMLRPC call 'modem.set_by_name' (args: BPSK125) to http://localhost:7362/RPC2...
Ham::Fldigi::Client Response from XMLRPC request is: BPSK125
Ham::Fldigi::Client Making XMLRPC call 'text.clear_tx' (args: ) to http://localhost:7362/RPC2...
Ham::Fldigi::Client Response from XMLRPC request is: (null)
Ham::Fldigi::Client Making XMLRPC call 'text.add_tx' (args: CQ CQ CQ DE M0VKG M0VKG M0VKG KN^r) to http://localhost:7362/RPC2...
Ham::Fldigi::Client Response from XMLRPC request is: (null)
Ham::Fldigi::Client Making XMLRPC call 'main.tx' (args: ) to http://localhost:7362/RPC2...
Ham::Fldigi::Client Response from XMLRPC request is: (null)
Ham::Fldigi Constructor called. Version is 0.0001.
Ham::Fldigi::Client Constructor called. Version 0.001, with ID 6BC23FF6-50F9-11E1-B82C-E96DDCC8CAF4.
Ham::Fldigi::Client Hostname is localhost, port is 7362 and name is test.
Ham::Fldigi::Client Checking connectivity with fldigi client at http://localhost:7362/RPC2...
Ham::Fldigi::Client Making XMLRPC call 'fldigi.version' (args: ) to http://localhost:7362/RPC2...
Ham::Fldigi::Client Response from XMLRPC request is: 3.21.13
Ham::Fldigi::Client Version is 3.21.13.
Ham::Fldigi::Client POE session: _start triggered.
Ham::Fldigi::Client POE session: tick triggered.
Ham::Fldigi::Client POE session: tick triggered.
Ham::Fldigi::Client POE session: tick triggered.
Ham::Fldigi Constructor called. Version is 0.0001.
Ham::Fldigi::Client Constructor called. Version 0.001, with ID 6EDD4D52-50F9-11E1-B4AF-AE3B46AFA3A9.
Ham::Fldigi::Client Hostname is localhost, port is 7362 and name is test.
Ham::Fldigi::Client Checking connectivity with fldigi client at http://localhost:7362/RPC2...
Ham::Fldigi::Client Making XMLRPC call 'fldigi.version' (args: ) to http://localhost:7362/RPC2...
Ham::Fldigi::Client Response from XMLRPC request is: 3.21.13
Ham::Fldigi::Client Version is 3.21.13.
Ham::Fldigi::Client POE session: _start triggered.
Ham::Fldigi::Client POE session: tick triggered.
Ham::Fldigi::Client POE session: tick triggered.
Ham::Fldigi Constructor called. Version is 0.0001.
Ham::Fldigi::Client Constructor called. Version 0.001, with ID 765D429E-50F9-11E1-874C-A2CC6E9A549A.
Ham::Fldigi::Client Hostname is localhost, port is 7362 and name is test.
Ham::Fldigi::Client Checking connectivity with fldigi client at http://localhost:7362/RPC2...
Ham::Fldigi::Client Making XMLRPC call 'fldigi.version' (args: ) to http://localhost:7362/RPC2...
Ham::Fldigi::Client Response from XMLRPC request is: 3.21.13
Ham::Fldigi::Client Version is 3.21.13.
Ham::Fldigi::Client POE session: _start triggered.
Ham::Fldigi::Client POE session: tick triggered.
Ham::Fldigi::Client POE session: tick triggered.
Ham::Fldigi Constructor called. Version is 0.0001.
Ham::Fldigi::Client Constructor called. Version 0.001, with ID 7914D3E4-50F9-11E1-B49F-C891B31AAD60.
Ham::Fldigi::Client Hostname is localhost, port is 7362 and name is test.
Ham::Fldigi::Client Checking connectivity with fldigi client at http://localhost:7362/RPC2...
Ham::Fldigi::Client Making XMLRPC call 'fldigi.version' (args: ) to http://localhost:7362/RPC2...
Ham::Fldigi::Client Response from XMLRPC request is: 3.21.13
Ham::Fldigi::Client Version is 3.21.13.
Ham::Fldigi::Client POE session: _start triggered.
Ham::Fldigi::Client Returning...
Ham::Fldigi::Client Making XMLRPC call 'modem.set_by_name' (args: BPSK125) to http://localhost:7362/RPC2...
Ham::Fldigi::Client Response from XMLRPC request is: BPSK125
Ham::Fldigi::Client Making XMLRPC call 'text.clear_tx' (args: ) to http://localhost:7362/RPC2...
Ham::Fldigi::Client Response from XMLRPC request is: (null)
Ham::Fldigi::Client Making XMLRPC call 'text.add_tx' (args: CQ CQ CQ DE M0VKG M0VKG M0VKG KN^r) to http://localhost:7362/RPC2...
Ham::Fldigi::Client Response from XMLRPC request is: (null)
Ham::Fldigi::Client Making XMLRPC call 'main.tx' (args: ) to http://localhost:7362/RPC2...
Ham::Fldigi::Client Response from XMLRPC request is: (null)
Ham::Fldigi Constructor called. Version is 0.0001.
Ham::Fldigi::Client Constructor called. Version 0.001, with ID D19C5140-50F9-11E1-87E3-E66C26E9CCC4.
Ham::Fldigi::Client Hostname is localhost, port is 7362 and name is test.
Ham::Fldigi::Client Checking connectivity with fldigi client at http://localhost:7362/RPC2...
Ham::Fldigi::Client Making XMLRPC call 'fldigi.version' (args: ) to http://localhost:7362/RPC2...
Ham::Fldigi::Client Response from XMLRPC request is: 3.21.13
Ham::Fldigi::Client Version is 3.21.13.
Ham::Fldigi::Client POE session: _start triggered.
Ham::Fldigi::Client Returning...
Ham::Fldigi::Client Making XMLRPC call 'modem.set_by_name' (args: BPSK125) to http://localhost:7362/RPC2...
Ham::Fldigi::Client Response from XMLRPC request is: BPSK125
Ham::Fldigi::Client Making XMLRPC call 'text.clear_tx' (args: ) to http://localhost:7362/RPC2...
Ham::Fldigi::Client Response from XMLRPC request is: (null)
Ham::Fldigi::Client Making XMLRPC call 'text.add_tx' (args: CQ CQ CQ DE M0VKG M0VKG M0VKG KN^r) to http://localhost:7362/RPC2...
Ham::Fldigi::Client Response from XMLRPC request is: (null)
Ham::Fldigi::Client Making XMLRPC call 'main.tx' (args: ) to http://localhost:7362/RPC2...
Ham::Fldigi::Client Response from XMLRPC request is: (null)
Ham::Fldigi Constructor called. Version is 0.0001.
Ham::Fldigi::Client Constructor called. Version 0.001, with ID D5C8FDCC-50F9-11E1-A91E-99AC22396F18.
Ham::Fldigi::Client Hostname is localhost, port is 7362 and name is test.
Ham::Fldigi::Client Checking connectivity with fldigi client at http://localhost:7362/RPC2...
Ham::Fldigi::Client Making XMLRPC call 'fldigi.version' (args: ) to http://localhost:7362/RPC2...
Ham::Fldigi::Client Response from XMLRPC request is: 3.21.13
Ham::Fldigi::Client Version is 3.21.13.
Ham::Fldigi::Client POE session: _start triggered.
Ham::Fldigi::Client Returning...
Ham::Fldigi::Client Making XMLRPC call 'modem.set_by_name' (args: BPSK125) to http://localhost:7362/RPC2...
Ham::Fldigi::Client Response from XMLRPC request is: BPSK125
Ham::Fldigi::Client Making XMLRPC call 'text.clear_tx' (args: ) to http://localhost:7362/RPC2...
Ham::Fldigi::Client Response from XMLRPC request is: (null)
Ham::Fldigi::Client Making XMLRPC call 'text.add_tx' (args: CQ CQ CQ DE M0VKG M0VKG M0VKG KN^r) to http://localhost:7362/RPC2...
Ham::Fldigi::Client Response from XMLRPC request is: (null)
Ham::Fldigi::Client Making XMLRPC call 'main.tx' (args: ) to http://localhost:7362/RPC2...
Ham::Fldigi::Client Response from XMLRPC request is: (null)
Ham::Fldigi Constructor called. Version is 0.0001.
Ham::Fldigi Returning...
Ham::Fldigi::Client Constructor called. Version 0.001, with ID E9CFD188-50F9-11E1-BC74-B6A017CAC6A9.
Ham::Fldigi::Client Hostname is localhost, port is 7362 and name is test.
Ham::Fldigi::Client Checking connectivity with fldigi client at http://localhost:7362/RPC2...
Ham::Fldigi::Client Making XMLRPC call 'fldigi.version' (args: ) to http://localhost:7362/RPC2...
Ham::Fldigi::Client Response from XMLRPC request is: 3.21.13
Ham::Fldigi::Client Version is 3.21.13.
Ham::Fldigi::Client POE session: _start triggered.
Ham::Fldigi::Client Returning...
Ham::Fldigi::Client Making XMLRPC call 'modem.set_by_name' (args: BPSK125) to http://localhost:7362/RPC2...
Ham::Fldigi::Client Response from XMLRPC request is: BPSK125
Ham::Fldigi::Client Making XMLRPC call 'text.clear_tx' (args: ) to http://localhost:7362/RPC2...
Ham::Fldigi::Client Response from XMLRPC request is: (null)
Ham::Fldigi::Client Making XMLRPC call 'text.add_tx' (args: CQ CQ CQ DE M0VKG M0VKG M0VKG KN^r) to http://localhost:7362/RPC2...
Ham::Fldigi::Client Response from XMLRPC request is: (null)
Ham::Fldigi::Client Making XMLRPC call 'main.tx' (args: ) to http://localhost:7362/RPC2...
Ham::Fldigi::Client Response from XMLRPC request is: (null)
Ham::Fldigi Constructor called. Version is 0.0001.
Ham::Fldigi Constructor called. Version is 0.0001.
Ham::Fldigi Starting POE kernel...
Ham::Fldigi Returning...
Ham::Fldigi::Client Constructor called. Version 0.001, with ID F7D1FCDE-50F9-11E1-9464-A66659EEDF08.
Ham::Fldigi::Client Hostname is localhost, port is 7362 and name is test.
Ham::Fldigi::Client Checking connectivity with fldigi client at http://localhost:7362/RPC2...
Ham::Fldigi::Client Making XMLRPC call 'fldigi.version' (args: ) to http://localhost:7362/RPC2...
Ham::Fldigi::Client Response from XMLRPC request is: 3.21.13
Ham::Fldigi::Client Version is 3.21.13.
Ham::Fldigi::Client POE session: _start triggered.
Ham::Fldigi::Client Returning...
Ham::Fldigi::Client Making XMLRPC call 'modem.set_by_name' (args: BPSK125) to http://localhost:7362/RPC2...
Ham::Fldigi::Client Response from XMLRPC request is: BPSK125
Ham::Fldigi::Client Making XMLRPC call 'text.clear_tx' (args: ) to http://localhost:7362/RPC2...
Ham::Fldigi::Client Response from XMLRPC request is: (null)
Ham::Fldigi::Client Making XMLRPC call 'text.add_tx' (args: CQ CQ CQ DE M0VKG M0VKG M0VKG KN^r) to http://localhost:7362/RPC2...
Ham::Fldigi::Client Response from XMLRPC request is: (null)
Ham::Fldigi::Client Making XMLRPC call 'main.tx' (args: ) to http://localhost:7362/RPC2...
Ham::Fldigi::Client Response from XMLRPC request is: (null)
Ham::Fldigi Constructor called. Version is 0.0001.
Ham::Fldigi Starting POE kernel...
Ham::Fldigi Returning...
Ham::Fldigi::Client Constructor called. Version 0.001, with ID 373672BA-50FA-11E1-A454-ADAF01380B6A.
Ham::Fldigi::Client Hostname is localhost, port is 7362 and name is test.
Ham::Fldigi::Client Checking connectivity with fldigi client at http://localhost:7362/RPC2...
Ham::Fldigi::Client Making XMLRPC call 'fldigi.version' (args: ) to http://localhost:7362/RPC2...
Ham::Fldigi::Client Response from XMLRPC request is: 3.21.13
Ham::Fldigi::Client Version is 3.21.13.
Ham::Fldigi::Client POE session: _start triggered.
Ham::Fldigi::Client Returning...
Ham::Fldigi::Client Making XMLRPC call 'modem.set_by_name' (args: BPSK125) to http://localhost:7362/RPC2...
Ham::Fldigi::Client Response from XMLRPC request is: BPSK125
Ham::Fldigi::Client Making XMLRPC call 'text.clear_tx' (args: ) to http://localhost:7362/RPC2...
Ham::Fldigi::Client Response from XMLRPC request is: (null)
Ham::Fldigi::Client Making XMLRPC call 'text.add_tx' (args: CQ CQ CQ DE M0VKG M0VKG M0VKG KN^r) to http://localhost:7362/RPC2...
Ham::Fldigi::Client Response from XMLRPC request is: (null)
Ham::Fldigi::Client Making XMLRPC call 'main.tx' (args: ) to http://localhost:7362/RPC2...
Ham::Fldigi::Client Response from XMLRPC request is: (null)
Ham::Fldigi Constructor called. Version is 0.0001.
Ham::Fldigi Returning...
Ham::Fldigi::Client Constructor called. Version 0.001, with ID 5D7575B6-50FA-11E1-A240-D4AE448B0A7B.
Ham::Fldigi::Client Hostname is localhost, port is 7362 and name is test.
Ham::Fldigi::Client Checking connectivity with fldigi client at http://localhost:7362/RPC2...
Ham::Fldigi::Client Making XMLRPC call 'fldigi.version' (args: ) to http://localhost:7362/RPC2...
Ham::Fldigi::Client Response from XMLRPC request is: 3.21.13
Ham::Fldigi::Client Version is 3.21.13.
Ham::Fldigi::Client POE session: _start triggered.
Ham::Fldigi::Client Returning...
Ham::Fldigi::Client Making XMLRPC call 'modem.set_by_name' (args: BPSK125) to http://localhost:7362/RPC2...
Ham::Fldigi::Client Response from XMLRPC request is: BPSK125
Ham::Fldigi::Client Making XMLRPC call 'text.clear_tx' (args: ) to http://localhost:7362/RPC2...
Ham::Fldigi::Client Response from XMLRPC request is: (null)
Ham::Fldigi::Client Making XMLRPC call 'text.add_tx' (args: CQ CQ CQ DE M0VKG M0VKG M0VKG KN^r) to http://localhost:7362/RPC2...
Ham::Fldigi::Client Response from XMLRPC request is: (null)
Ham::Fldigi::Client Making XMLRPC call 'main.tx' (args: ) to http://localhost:7362/RPC2...
Ham::Fldigi::Client Response from XMLRPC request is: (null)
Ham::Fldigi Constructor called. Version is 0.0001.
Ham::Fldigi Returning...
Ham::Fldigi::Client Constructor called. Version 0.001, with ID B20E9BDE-50FA-11E1-8B93-DB077AED9CF0.
Ham::Fldigi::Client Hostname is localhost, port is 7362 and name is test.
Ham::Fldigi::Client Checking connectivity with fldigi client at http://localhost:7362/RPC2...
Ham::Fldigi::Client Making XMLRPC call 'fldigi.version' (args: ) to http://localhost:7362/RPC2...
Ham::Fldigi::Client Response from XMLRPC request is: 3.21.13
Ham::Fldigi::Client Version is 3.21.13.
Ham::Fldigi::Client POE session: _start triggered.
Ham::Fldigi::Client Returning...
Ham::Fldigi::Client Making XMLRPC call 'modem.set_by_name' (args: BPSK125) to http://localhost:7362/RPC2...
Ham::Fldigi::Client Response from XMLRPC request is: BPSK125
Ham::Fldigi::Client Making XMLRPC call 'text.clear_tx' (args: ) to http://localhost:7362/RPC2...
Ham::Fldigi::Client Response from XMLRPC request is: (null)
Ham::Fldigi::Client Making XMLRPC call 'text.add_tx' (args: CQ CQ CQ DE M0VKG M0VKG M0VKG KN^r) to http://localhost:7362/RPC2...
Ham::Fldigi::Client Response from XMLRPC request is: (null)
Ham::Fldigi::Client Making XMLRPC call 'main.tx' (args: ) to http://localhost:7362/RPC2...
Ham::Fldigi::Client Response from XMLRPC request is: (null)
Ham::Fldigi Constructor called. Version is 0.0001.
Ham::Fldigi Returning...
Ham::Fldigi::Client Constructor called. Version 0.001, with ID BE00BA26-50FA-11E1-B4F6-CF15538407E6.
Ham::Fldigi::Client Hostname is localhost, port is 7362 and name is test.
Ham::Fldigi::Client Checking connectivity with fldigi client at http://localhost:7362/RPC2...
Ham::Fldigi::Client Making XMLRPC call 'fldigi.version' (args: ) to http://localhost:7362/RPC2...
Ham::Fldigi::Client Response from XMLRPC request is: 3.21.13
Ham::Fldigi::Client Version is 3.21.13.
Ham::Fldigi::Client POE session: _start triggered.
Ham::Fldigi::Client Returning...
Ham::Fldigi::Client Making XMLRPC call 'modem.set_by_name' (args: BPSK125) to http://localhost:7362/RPC2...
Ham::Fldigi::Client Response from XMLRPC request is: BPSK125
Ham::Fldigi::Client Making XMLRPC call 'text.clear_tx' (args: ) to http://localhost:7362/RPC2...
Ham::Fldigi::Client Response from XMLRPC request is: (null)
Ham::Fldigi::Client Making XMLRPC call 'text.add_tx' (args: CQ CQ CQ DE M0VKG M0VKG M0VKG KN^r) to http://localhost:7362/RPC2...
Ham::Fldigi::Client Response from XMLRPC request is: (null)
Ham::Fldigi::Client Making XMLRPC call 'main.tx' (args: ) to http://localhost:7362/RPC2...
Ham::Fldigi::Client Response from XMLRPC request is: (null)
Ham::Fldigi Constructor called. Version is 0.0001.
Ham::Fldigi Returning...
Ham::Fldigi::Client Constructor called. Version 0.001, with ID C491BEC6-50FA-11E1-9097-FC6C7EBF5B04.
Ham::Fldigi::Client Hostname is localhost, port is 7362 and name is test.
Ham::Fldigi::Client Checking connectivity with fldigi client at http://localhost:7362/RPC2...
Ham::Fldigi::Client Making XMLRPC call 'fldigi.version' (args: ) to http://localhost:7362/RPC2...
Ham::Fldigi::Client Response from XMLRPC request is: 3.21.13
Ham::Fldigi::Client Version is 3.21.13.
Ham::Fldigi::Client POE session: _start triggered.
Ham::Fldigi::Client Returning...
Ham::Fldigi::Client Making XMLRPC call 'modem.set_by_name' (args: BPSK125) to http://localhost:7362/RPC2...
Ham::Fldigi::Client Response from XMLRPC request is: BPSK125
Ham::Fldigi::Client Making XMLRPC call 'text.clear_tx' (args: ) to http://localhost:7362/RPC2...
Ham::Fldigi::Client Response from XMLRPC request is: (null)
Ham::Fldigi::Client Making XMLRPC call 'text.add_tx' (args: CQ CQ CQ DE M0VKG M0VKG M0VKG KN^r) to http://localhost:7362/RPC2...
Ham::Fldigi::Client Response from XMLRPC request is: (null)
Ham::Fldigi::Client Making XMLRPC call 'main.tx' (args: ) to http://localhost:7362/RPC2...
Ham::Fldigi::Client Response from XMLRPC request is: (null)
Ham::Fldigi Constructor called. Version is 0.0001.
Ham::Fldigi Returning...
Ham::Fldigi::Client Constructor called. Version 0.001, with ID D5C552C0-50FA-11E1-8477-AF010F85391D.
Ham::Fldigi::Client Hostname is localhost, port is 7362 and name is test.
Ham::Fldigi::Client Checking connectivity with fldigi client at http://localhost:7362/RPC2...
Ham::Fldigi::Client Making XMLRPC call 'fldigi.version' (args: ) to http://localhost:7362/RPC2...
Ham::Fldigi::Client Response from XMLRPC request is: 3.21.13
Ham::Fldigi::Client Version is 3.21.13.
Ham::Fldigi::Client POE session: _start triggered.
Ham::Fldigi::Client Returning...
Ham::Fldigi::Client Making XMLRPC call 'modem.set_by_name' (args: BPSK125) to http://localhost:7362/RPC2...
Ham::Fldigi::Client Response from XMLRPC request is: BPSK125
Ham::Fldigi::Client Making XMLRPC call 'text.clear_tx' (args: ) to http://localhost:7362/RPC2...
Ham::Fldigi::Client Response from XMLRPC request is: (null)
Ham::Fldigi::Client Making XMLRPC call 'text.add_tx' (args: CQ CQ CQ DE M0VKG M0VKG M0VKG KN^r) to http://localhost:7362/RPC2...
Ham::Fldigi::Client Response from XMLRPC request is: (null)
Ham::Fldigi::Client Making XMLRPC call 'main.tx' (args: ) to http://localhost:7362/RPC2...
Ham::Fldigi::Client Response from XMLRPC request is: (null)
Ham::Fldigi Constructor called. Version is 0.0001.
Ham::Fldigi Returning...
Ham::Fldigi::Client Constructor called. Version 0.001, with ID DF364A8A-50FA-11E1-979B-BCD06536149E.
Ham::Fldigi::Client Hostname is localhost, port is 7362 and name is test.
Ham::Fldigi::Client Checking connectivity with fldigi client at http://localhost:7362/RPC2...
Ham::Fldigi::Client Making XMLRPC call 'fldigi.version' (args: ) to http://localhost:7362/RPC2...
Ham::Fldigi::Client Response from XMLRPC request is: 3.21.13
Ham::Fldigi::Client Version is 3.21.13.
Ham::Fldigi::Client POE session: _start triggered.
Ham::Fldigi::Client Returning...
Ham::Fldigi Starting POE kernel...
Ham::Fldigi::Client POE session: tick triggered.
Ham::Fldigi::Client POE session: tick triggered.
Ham::Fldigi Constructor called. Version is 0.0001.
Ham::Fldigi Returning...
Ham::Fldigi::Client Constructor called. Version 0.001, with ID 754A31B4-5103-11E1-B53F-F996399C656E.
Ham::Fldigi::Client Hostname is localhost, port is 7362 and name is test.
Ham::Fldigi::Client Checking connectivity with fldigi client at http://localhost:7362/RPC2...
Ham::Fldigi::Client Making XMLRPC call 'fldigi.version' (args: ) to http://localhost:7362/RPC2...
Ham::Fldigi::Client Response from XMLRPC request is: 3.21.13
Ham::Fldigi::Client Version is 3.21.13.
Ham::Fldigi::Client Returning...
Ham::Fldigi::Client Making XMLRPC call 'modem.set_by_name' (args: BPSK125) to http://localhost:7362/RPC2...
Ham::Fldigi::Client Response from XMLRPC request is: BPSK125
Ham::Fldigi::Client Making XMLRPC call 'text.clear_tx' (args: ) to http://localhost:7362/RPC2...
Ham::Fldigi::Client Response from XMLRPC request is: (null)
Ham::Fldigi::Client Making XMLRPC call 'text.add_tx' (args: CQ CQ CQ DE M0VKG M0VKG M0VKG KN^r) to http://localhost:7362/RPC2...
Ham::Fldigi::Client Response from XMLRPC request is: (null)
Ham::Fldigi::Client Making XMLRPC call 'main.tx' (args: ) to http://localhost:7362/RPC2...
Ham::Fldigi::Client Response from XMLRPC request is: (null)
Ham::Fldigi Constructor called. Version is 0.0001.
Ham::Fldigi Returning...
Ham::Fldigi::Client Constructor called. Version 0.001, with ID 8C929384-5103-11E1-AED7-C39EB8942A73.
Ham::Fldigi::Client Hostname is localhost, port is 7362 and name is test.
Ham::Fldigi::Client Checking connectivity with fldigi client at http://localhost:7362/RPC2...
Ham::Fldigi::Client Making XMLRPC call 'fldigi.version' (args: ) to http://localhost:7362/RPC2...
Ham::Fldigi::Client Response from XMLRPC request is: 3.21.13
Ham::Fldigi::Client Version is 3.21.13.
Ham::Fldigi::Client Returning...
Ham::Fldigi::Client Making XMLRPC call 'modem.set_by_name' (args: BPSK125) to http://localhost:7362/RPC2...
Ham::Fldigi::Client Response from XMLRPC request is: BPSK125
Ham::Fldigi::Client Making XMLRPC call 'text.clear_tx' (args: ) to http://localhost:7362/RPC2...
Ham::Fldigi::Client Response from XMLRPC request is: (null)
Ham::Fldigi::Client Making XMLRPC call 'text.add_tx' (args: CQ CQ CQ DE M0VKG M0VKG M0VKG KN^r) to http://localhost:7362/RPC2...
Ham::Fldigi::Client Response from XMLRPC request is: (null)
Ham::Fldigi::Client Making XMLRPC call 'main.tx' (args: ) to http://localhost:7362/RPC2...
Ham::Fldigi::Client Response from XMLRPC request is: (null)
